build/app/intermediates/manifest_merge_blame_file/debug/manifest-merger-blame-debug-report.txt
1<?xml version="1.0" encoding="utf-8"?>
2<manifest xmlns:android="http://schemas.android.com/apk/res/android"
3    package="com.huynh.listar_flutter_pro"
4    android:versionCode="57"
5    android:versionName="1.1.6" >
6
7    <uses-sdk
8        android:minSdkVersion="20"
9        android:targetSdkVersion="33" />
10
11    <uses-permission android:name="android.permission.INTERNET" />
11-->src\main\AndroidManifest.xml:3:5-67
11-->src\main\AndroidManifest.xml:3:22-64
12    <uses-permission android:name="android.permission.SYSTEM_ALERT_WINDOW" />
12-->src\main\AndroidManifest.xml:4:5-77
12-->src\main\AndroidManifest.xml:4:22-75
13    <uses-permission android:name="android.permission.ACCESS_FINE_LOCATION" />
13-->src\main\AndroidManifest.xml:5:5-79
13-->src\main\AndroidManifest.xml:5:22-76
14    <uses-permission android:name="android.permission.ACCESS_COARSE_LOCATION" />
14-->src\main\AndroidManifest.xml:6:5-81
14-->src\main\AndroidManifest.xml:6:22-78
15    <uses-permission android:name="android.permission.CALL_PHONE" />
15-->src\main\AndroidManifest.xml:7:5-69
15-->src\main\AndroidManifest.xml:7:22-66
16    <uses-permission android:name="android.permission.ACCESS_NETWORK_STATE" />
16-->[:firebase_analytics] AndroidManifest.xml:7:5-79
16-->[:firebase_analytics] AndroidManifest.xml:7:22-76
17    <uses-permission android:name="android.permission.WAKE_LOCK" />
17-->[:firebase_analytics] AndroidManifest.xml:9:5-68
17-->[:firebase_analytics] AndroidManifest.xml:9:22-65
18    <uses-permission android:name="android.permission.FOREGROUND_SERVICE" />
18-->[:geolocator_android] AndroidManifest.xml:7:5-77
18-->[:geolocator_android] AndroidManifest.xml:7:22-74
19    <uses-permission android:name="android.permission.REQUEST_INSTALL_PACKAGES" />
19-->[:open_file] AndroidManifest.xml:8:5-83
19-->[:open_file] AndroidManifest.xml:8:22-80
20    <uses-permission android:name="android.permission.READ_EXTERNAL_STORAGE" />
20-->[:open_file] AndroidManifest.xml:9:5-80
20-->[:open_file] AndroidManifest.xml:9:22-77
21    <uses-permission android:name="com.google.android.gms.permission.AD_ID" /> <!-- Required by older versions of Google Play services to create IID tokens -->
21-->[com.google.android.gms:play-services-measurement-api:21.2.0] AndroidManifest.xml:25:5-79
21-->[com.google.android.gms:play-services-measurement-api:21.2.0] AndroidManifest.xml:25:22-76
22    <uses-permission android:name="com.google.android.c2dm.permission.RECEIVE" />
22-->[com.google.firebase:firebase-messaging:23.0.5] AndroidManifest.xml:28:5-82
22-->[com.google.firebase:firebase-messaging:23.0.5] AndroidManifest.xml:28:22-79
23
24    <uses-feature
24-->[com.google.android.gms:play-services-maps:18.0.2] AndroidManifest.xml:26:5-28:35
25        android:glEsVersion="0x00020000"
25-->[com.google.android.gms:play-services-maps:18.0.2] AndroidManifest.xml:27:9-41
26        android:required="true" />
26-->[com.google.android.gms:play-services-maps:18.0.2] AndroidManifest.xml:28:9-32
27
28    <queries>
28-->[com.google.android.gms:play-services-maps:18.0.2] AndroidManifest.xml:30:5-34:15
29
30        <!-- Needs to be explicitly declared on Android R+ -->
31        <package android:name="com.google.android.apps.maps" />
31-->[com.google.android.gms:play-services-maps:18.0.2] AndroidManifest.xml:33:9-64
31-->[com.google.android.gms:play-services-maps:18.0.2] AndroidManifest.xml:33:18-61
32        <!-- For browser content -->
33        <intent>
33-->[com.google.android.gms:play-services-ads-lite:20.6.0] AndroidManifest.xml:31:9-37:18
34            <action android:name="android.intent.action.VIEW" />
34-->[com.google.android.gms:play-services-ads-lite:20.6.0] AndroidManifest.xml:32:13-65
34-->[com.google.android.gms:play-services-ads-lite:20.6.0] AndroidManifest.xml:32:21-62
35
36            <category android:name="android.intent.category.BROWSABLE" />
36-->[com.google.android.gms:play-services-ads-lite:20.6.0] AndroidManifest.xml:34:13-74
36-->[com.google.android.gms:play-services-ads-lite:20.6.0] AndroidManifest.xml:34:23-71
37
38            <data android:scheme="https" />
38-->[com.google.android.gms:play-services-ads-lite:20.6.0] AndroidManifest.xml:36:13-44
38-->[com.google.android.gms:play-services-ads-lite:20.6.0] AndroidManifest.xml:36:19-41
39        </intent> <!-- End of browser content -->
40        <!-- For CustomTabsService -->
41        <intent>
41-->[com.google.android.gms:play-services-ads-lite:20.6.0] AndroidManifest.xml:40:9-42:18
42            <action android:name="android.support.customtabs.action.CustomTabsService" />
42-->[com.google.android.gms:play-services-ads-lite:20.6.0] AndroidManifest.xml:41:13-90
42-->[com.google.android.gms:play-services-ads-lite:20.6.0] AndroidManifest.xml:41:21-87
43        </intent>
44    </queries>
45
46    <uses-permission android:name="com.google.android.finsky.permission.BIND_GET_INSTALL_REFERRER_SERVICE" />
46-->[com.google.android.gms:play-services-measurement:21.2.0] AndroidManifest.xml:26:5-110
46-->[com.google.android.gms:play-services-measurement:21.2.0] AndroidManifest.xml:26:22-107
47    <uses-permission android:name="android.permission.RECEIVE_BOOT_COMPLETED" />
47-->[androidx.work:work-runtime:2.7.0] AndroidManifest.xml:27:5-81
47-->[androidx.work:work-runtime:2.7.0] AndroidManifest.xml:27:22-78
48    <uses-permission android:name="android.permission.CAMERA" /> <!-- Don't require camera, as this requires a rear camera. This allows it to work on the Nexus 7 -->
48-->[com.journeyapps:zxing-android-embedded:4.3.0] AndroidManifest.xml:22:5-65
48-->[com.journeyapps:zxing-android-embedded:4.3.0] AndroidManifest.xml:22:22-62
49    <uses-feature
49-->[com.journeyapps:zxing-android-embedded:4.3.0] AndroidManifest.xml:25:5-27:36
50        android:name="android.hardware.camera"
50-->[com.journeyapps:zxing-android-embedded:4.3.0] AndroidManifest.xml:26:9-47
51        android:required="false" />
51-->[com.journeyapps:zxing-android-embedded:4.3.0] AndroidManifest.xml:27:9-33
52    <uses-feature
52-->[com.journeyapps:zxing-android-embedded:4.3.0] AndroidManifest.xml:28:5-30:36
53        android:name="android.hardware.camera.front"
53-->[com.journeyapps:zxing-android-embedded:4.3.0] AndroidManifest.xml:29:9-53
54        android:required="false" /> <!-- TODO replace above two with next line after Android 4.2 -->
54-->[com.journeyapps:zxing-android-embedded:4.3.0] AndroidManifest.xml:30:9-33
55    <!-- <uses-feature android:name="android.hardware.camera.any"/> -->
56    <uses-feature
56-->[com.journeyapps:zxing-android-embedded:4.3.0] AndroidManifest.xml:33:5-35:36
57        android:name="android.hardware.camera.autofocus"
57-->[com.journeyapps:zxing-android-embedded:4.3.0] AndroidManifest.xml:34:9-57
58        android:required="false" />
58-->[com.journeyapps:zxing-android-embedded:4.3.0] AndroidManifest.xml:35:9-33
59    <uses-feature
59-->[com.journeyapps:zxing-android-embedded:4.3.0] AndroidManifest.xml:36:5-38:36
60        android:name="android.hardware.camera.flash"
60-->[com.journeyapps:zxing-android-embedded:4.3.0] AndroidManifest.xml:37:9-53
61        android:required="false" />
61-->[com.journeyapps:zxing-android-embedded:4.3.0] AndroidManifest.xml:38:9-33
62    <uses-feature
62-->[com.journeyapps:zxing-android-embedded:4.3.0] AndroidManifest.xml:39:5-41:36
63        android:name="android.hardware.screen.landscape"
63-->[com.journeyapps:zxing-android-embedded:4.3.0] AndroidManifest.xml:40:9-57
64        android:required="false" />
64-->[com.journeyapps:zxing-android-embedded:4.3.0] AndroidManifest.xml:41:9-33
65    <uses-feature
65-->[com.journeyapps:zxing-android-embedded:4.3.0] AndroidManifest.xml:42:5-44:36
66        android:name="android.hardware.wifi"
66-->[com.journeyapps:zxing-android-embedded:4.3.0] AndroidManifest.xml:43:9-45
67        android:required="false" />
67-->[com.journeyapps:zxing-android-embedded:4.3.0] AndroidManifest.xml:44:9-33
68
69    <application
70        android:name="android.app.Application"
71        android:appComponentFactory="androidx.core.app.CoreComponentFactory"
71-->[androidx.core:core:1.8.0] AndroidManifest.xml:24:18-86
72        android:debuggable="true"
73        android:icon="@mipmap/ic_launcher"
74        android:label="Shortstay"
75        android:usesCleartextTraffic="true" >
76        <meta-data
77            android:name="com.google.android.geo.API_KEY"
78            android:value="AIzaSyDg1evvc68xACuU2RsbBiV5uoF0vwVNM8Y" />
79
80        <activity
81            android:name="com.mrkreativez.listar_flutter_pro.MainActivity"
82            android:configChanges="orientation|keyboardHidden|keyboard|screenSize|smallestScreenSize|locale|layoutDirection|fontScale|screenLayout|density|uiMode"
83            android:exported="true"
84            android:hardwareAccelerated="true"
85            android:launchMode="singleTop"
86            android:theme="@style/LaunchTheme"
87            android:windowSoftInputMode="adjustResize" >
88            <intent-filter>
89                <action android:name="android.intent.action.MAIN" />
90
91                <category android:name="android.intent.category.LAUNCHER" />
92            </intent-filter>
93            <intent-filter>
94                <action android:name="FLUTTER_NOTIFICATION_CLICK" />
95
96                <category android:name="android.intent.category.DEFAULT" />
97            </intent-filter>
98        </activity>
99
100        <meta-data
101            android:name="flutterEmbedding"
102            android:value="2" />
103        <meta-data
104            android:name="com.google.android.gms.ads.APPLICATION_ID"
105            android:value="ca-app-pub-8318136058462894~6986590261" />
106
107        <service
107-->[:firebase_analytics] AndroidManifest.xml:12:9-16:19
108            android:name="com.google.firebase.components.ComponentDiscoveryService"
108-->[:firebase_analytics] AndroidManifest.xml:12:18-89
109            android:directBootAware="true"
109-->[com.google.firebase:firebase-common:20.2.0] AndroidManifest.xml:34:13-43
110            android:exported="false" >
110-->[com.google.android.gms:play-services-measurement-api:21.2.0] AndroidManifest.xml:30:13-37
111            <meta-data
111-->[:firebase_analytics] AndroidManifest.xml:13:13-15:85
112                android:name="com.google.firebase.components:io.flutter.plugins.firebase.analytics.FlutterFirebaseAppRegistrar"
112-->[:firebase_analytics] AndroidManifest.xml:14:17-128
113                android:value="com.google.firebase.components.ComponentRegistrar" />
113-->[:firebase_analytics] AndroidManifest.xml:15:17-82
114            <meta-data
114-->[:firebase_messaging] AndroidManifest.xml:34:13-36:85
115                android:name="com.google.firebase.components:io.flutter.plugins.firebase.messaging.FlutterFirebaseAppRegistrar"
115-->[:firebase_messaging] AndroidManifest.xml:35:17-128
116                android:value="com.google.firebase.components.ComponentRegistrar" />
116-->[:firebase_messaging] AndroidManifest.xml:36:17-82
117            <meta-data
117-->[:firebase_core] AndroidManifest.xml:9:13-11:85
118                android:name="com.google.firebase.components:io.flutter.plugins.firebase.core.FlutterFirebaseCoreRegistrar"
118-->[:firebase_core] AndroidManifest.xml:10:17-124
119                android:value="com.google.firebase.components.ComponentRegistrar" />
119-->[:firebase_core] AndroidManifest.xml:11:17-82
120            <meta-data
120-->[com.google.android.gms:play-services-measurement-api:21.2.0] AndroidManifest.xml:31:13-33:85
121                android:name="com.google.firebase.components:com.google.firebase.analytics.connector.internal.AnalyticsConnectorRegistrar"
121-->[com.google.android.gms:play-services-measurement-api:21.2.0] AndroidManifest.xml:32:17-139
122                android:value="com.google.firebase.components.ComponentRegistrar" />
122-->[com.google.android.gms:play-services-measurement-api:21.2.0] AndroidManifest.xml:33:17-82
123            <meta-data
123-->[com.google.firebase:firebase-messaging:23.0.5] AndroidManifest.xml:55:13-57:85
124                android:name="com.google.firebase.components:com.google.firebase.messaging.FirebaseMessagingRegistrar"
124-->[com.google.firebase:firebase-messaging:23.0.5] AndroidManifest.xml:56:17-119
125                android:value="com.google.firebase.components.ComponentRegistrar" />
125-->[com.google.firebase:firebase-messaging:23.0.5] AndroidManifest.xml:57:17-82
126            <meta-data
126-->[com.google.firebase:firebase-installations:17.0.1] AndroidManifest.xml:18:13-20:85
127                android:name="com.google.firebase.components:com.google.firebase.installations.FirebaseInstallationsRegistrar"
127-->[com.google.firebase:firebase-installations:17.0.1] AndroidManifest.xml:19:17-127
128                android:value="com.google.firebase.components.ComponentRegistrar" />
128-->[com.google.firebase:firebase-installations:17.0.1] AndroidManifest.xml:20:17-82
129            <meta-data
129-->[com.google.firebase:firebase-datatransport:18.1.4] AndroidManifest.xml:28:13-30:85
130                android:name="com.google.firebase.components:com.google.firebase.datatransport.TransportRegistrar"
130-->[com.google.firebase:firebase-datatransport:18.1.4] AndroidManifest.xml:29:17-115
131                android:value="com.google.firebase.components.ComponentRegistrar" />
131-->[com.google.firebase:firebase-datatransport:18.1.4] AndroidManifest.xml:30:17-82
132        </service>
133        <service
133-->[:firebase_messaging] AndroidManifest.xml:12:9-15:72
134            android:name="io.flutter.plugins.firebase.messaging.FlutterFirebaseMessagingBackgroundService"
134-->[:firebase_messaging] AndroidManifest.xml:13:13-107
135            android:exported="false"
135-->[:firebase_messaging] AndroidManifest.xml:14:13-37
136            android:permission="android.permission.BIND_JOB_SERVICE" />
136-->[:firebase_messaging] AndroidManifest.xml:15:13-69
137        <service
137-->[:firebase_messaging] AndroidManifest.xml:16:9-22:19
138            android:name="io.flutter.plugins.firebase.messaging.FlutterFirebaseMessagingService"
138-->[:firebase_messaging] AndroidManifest.xml:17:13-97
139            android:exported="false" >
139-->[:firebase_messaging] AndroidManifest.xml:18:13-37
140            <intent-filter>
140-->[:firebase_messaging] AndroidManifest.xml:19:13-21:29
141                <action android:name="com.google.firebase.MESSAGING_EVENT" />
141-->[:firebase_messaging] AndroidManifest.xml:20:17-78
141-->[:firebase_messaging] AndroidManifest.xml:20:25-75
142            </intent-filter>
143        </service>
144
145        <receiver
145-->[:firebase_messaging] AndroidManifest.xml:24:9-31:20
146            android:name="io.flutter.plugins.firebase.messaging.FlutterFirebaseMessagingReceiver"
146-->[:firebase_messaging] AndroidManifest.xml:25:13-98
147            android:exported="true"
147-->[:firebase_messaging] AndroidManifest.xml:26:13-36
148            android:permission="com.google.android.c2dm.permission.SEND" >
148-->[:firebase_messaging] AndroidManifest.xml:27:13-73
149            <intent-filter>
149-->[:firebase_messaging] AndroidManifest.xml:28:13-30:29
150                <action android:name="com.google.android.c2dm.intent.RECEIVE" />
150-->[:firebase_messaging] AndroidManifest.xml:29:17-81
150-->[:firebase_messaging] AndroidManifest.xml:29:25-78
151            </intent-filter>
152        </receiver>
153
154        <provider
154-->[:firebase_messaging] AndroidManifest.xml:39:9-43:38
155            android:name="io.flutter.plugins.firebase.messaging.FlutterFirebaseMessagingInitProvider"
155-->[:firebase_messaging] AndroidManifest.xml:40:13-102
156            android:authorities="com.huynh.listar_flutter_pro.flutterfirebasemessaginginitprovider"
156-->[:firebase_messaging] AndroidManifest.xml:41:13-88
157            android:exported="false"
157-->[:firebase_messaging] AndroidManifest.xml:42:13-37
158            android:initOrder="99" />
158-->[:firebase_messaging] AndroidManifest.xml:43:13-35
159
160        <service
160-->[:geolocator_android] AndroidManifest.xml:10:9-14:56
161            android:name="com.baseflow.geolocator.GeolocatorLocationService"
161-->[:geolocator_android] AndroidManifest.xml:11:13-77
162            android:enabled="true"
162-->[:geolocator_android] AndroidManifest.xml:12:13-35
163            android:exported="false"
163-->[:geolocator_android] AndroidManifest.xml:13:13-37
164            android:foregroundServiceType="location" />
164-->[:geolocator_android] AndroidManifest.xml:14:13-53
165
166        <provider
166-->[:image_picker_android] AndroidManifest.xml:8:9-16:20
167            android:name="io.flutter.plugins.imagepicker.ImagePickerFileProvider"
167-->[:image_picker_android] AndroidManifest.xml:9:13-82
168            android:authorities="com.huynh.listar_flutter_pro.flutter.image_provider"
168-->[:image_picker_android] AndroidManifest.xml:10:13-74
169            android:exported="false"
169-->[:image_picker_android] AndroidManifest.xml:11:13-37
170            android:grantUriPermissions="true" >
170-->[:image_picker_android] AndroidManifest.xml:12:13-47
171            <meta-data
171-->[:image_picker_android] AndroidManifest.xml:13:13-15:75
172                android:name="android.support.FILE_PROVIDER_PATHS"
172-->[:image_picker_android] AndroidManifest.xml:14:17-67
173                android:resource="@xml/flutter_image_picker_file_paths" />
173-->[:image_picker_android] AndroidManifest.xml:15:17-72
174        </provider>
175
176        <activity
176-->[:url_launcher_android] AndroidManifest.xml:8:9-11:74
177            android:name="io.flutter.plugins.urllauncher.WebViewActivity"
177-->[:url_launcher_android] AndroidManifest.xml:9:13-74
178            android:exported="false"
178-->[:url_launcher_android] AndroidManifest.xml:10:13-37
179            android:theme="@android:style/Theme.NoTitleBar.Fullscreen" />
179-->[:url_launcher_android] AndroidManifest.xml:11:13-71
180
181        <meta-data
181-->[:google_mobile_ads] AndroidManifest.xml:10:9-12:36
182            android:name="io.flutter.embedded_views_preview"
182-->[:google_mobile_ads] AndroidManifest.xml:11:13-61
183            android:value="true" />
183-->[:google_mobile_ads] AndroidManifest.xml:12:13-33
184
185        <provider
185-->[:open_file] AndroidManifest.xml:12:9-21:20
186            android:name="com.crazecoder.openfile.FileProvider"
186-->[:open_file] AndroidManifest.xml:13:13-64
187            android:authorities="com.huynh.listar_flutter_pro.fileProvider.com.crazecoder.openfile"
187-->[:open_file] AndroidManifest.xml:14:13-88
188            android:exported="false"
188-->[:open_file] AndroidManifest.xml:15:13-37
189            android:grantUriPermissions="true" >
189-->[:open_file] AndroidManifest.xml:16:13-47
190            <meta-data
190-->[:image_picker_android] AndroidManifest.xml:13:13-15:75
191                android:name="android.support.FILE_PROVIDER_PATHS"
191-->[:image_picker_android] AndroidManifest.xml:14:17-67
192                android:resource="@xml/filepaths" />
192-->[:image_picker_android] AndroidManifest.xml:15:17-72
193        </provider>
194        <provider
194-->[:share] AndroidManifest.xml:8:9-16:20
195            android:name="io.flutter.plugins.share.ShareFileProvider"
195-->[:share] AndroidManifest.xml:9:13-70
196            android:authorities="com.huynh.listar_flutter_pro.flutter.share_provider"
196-->[:share] AndroidManifest.xml:10:13-74
197            android:exported="false"
197-->[:share] AndroidManifest.xml:11:13-37
198            android:grantUriPermissions="true" >
198-->[:share] AndroidManifest.xml:12:13-47
199            <meta-data
199-->[:image_picker_android] AndroidManifest.xml:13:13-15:75
200                android:name="android.support.FILE_PROVIDER_PATHS"
200-->[:image_picker_android] AndroidManifest.xml:14:17-67
201                android:resource="@xml/flutter_share_file_paths" />
201-->[:image_picker_android] AndroidManifest.xml:15:17-72
202        </provider>
203
204        <uses-library
204-->[androidx.window:window:1.0.0-beta04] AndroidManifest.xml:25:9-27:40
205            android:name="androidx.window.extensions"
205-->[androidx.window:window:1.0.0-beta04] AndroidManifest.xml:26:13-54
206            android:required="false" />
206-->[androidx.window:window:1.0.0-beta04] AndroidManifest.xml:27:13-37
207        <uses-library
207-->[androidx.window:window:1.0.0-beta04] AndroidManifest.xml:28:9-30:40
208            android:name="androidx.window.sidecar"
208-->[androidx.window:window:1.0.0-beta04] AndroidManifest.xml:29:13-51
209            android:required="false" />
209-->[androidx.window:window:1.0.0-beta04] AndroidManifest.xml:30:13-37
210
211        <receiver
211-->[com.google.firebase:firebase-messaging:23.0.5] AndroidManifest.xml:31:9-38:20
212            android:name="com.google.firebase.iid.FirebaseInstanceIdReceiver"
212-->[com.google.firebase:firebase-messaging:23.0.5] AndroidManifest.xml:32:13-78
213            android:exported="true"
213-->[com.google.firebase:firebase-messaging:23.0.5] AndroidManifest.xml:33:13-36
214            android:permission="com.google.android.c2dm.permission.SEND" >
214-->[com.google.firebase:firebase-messaging:23.0.5] AndroidManifest.xml:34:13-73
215            <intent-filter>
215-->[:firebase_messaging] AndroidManifest.xml:28:13-30:29
216                <action android:name="com.google.android.c2dm.intent.RECEIVE" />
216-->[:firebase_messaging] AndroidManifest.xml:29:17-81
216-->[:firebase_messaging] AndroidManifest.xml:29:25-78
217            </intent-filter>
218        </receiver>
219        <!--
220             FirebaseMessagingService performs security checks at runtime,
221             but set to not exported to explicitly avoid allowing another app to call it.
222        -->
223        <service
223-->[com.google.firebase:firebase-messaging:23.0.5] AndroidManifest.xml:44:9-51:19
224            android:name="com.google.firebase.messaging.FirebaseMessagingService"
224-->[com.google.firebase:firebase-messaging:23.0.5] AndroidManifest.xml:45:13-82
225            android:directBootAware="true"
225-->[com.google.firebase:firebase-messaging:23.0.5] AndroidManifest.xml:46:13-43
226            android:exported="false" >
226-->[com.google.firebase:firebase-messaging:23.0.5] AndroidManifest.xml:47:13-37
227            <intent-filter android:priority="-500" >
227-->[:firebase_messaging] AndroidManifest.xml:19:13-21:29
228                <action android:name="com.google.firebase.MESSAGING_EVENT" />
228-->[:firebase_messaging] AndroidManifest.xml:20:17-78
228-->[:firebase_messaging] AndroidManifest.xml:20:25-75
229            </intent-filter>
230        </service>
231
232        <provider
232-->[com.google.firebase:firebase-common:20.2.0] AndroidManifest.xml:25:9-30:39
233            android:name="com.google.firebase.provider.FirebaseInitProvider"
233-->[com.google.firebase:firebase-common:20.2.0] AndroidManifest.xml:26:13-77
234            android:authorities="com.huynh.listar_flutter_pro.firebaseinitprovider"
234-->[com.google.firebase:firebase-common:20.2.0] AndroidManifest.xml:27:13-72
235            android:directBootAware="true"
235-->[com.google.firebase:firebase-common:20.2.0] AndroidManifest.xml:28:13-43
236            android:exported="false"
236-->[com.google.firebase:firebase-common:20.2.0] AndroidManifest.xml:29:13-37
237            android:initOrder="100" /> <!-- Needs to be explicitly declared on P+ -->
237-->[com.google.firebase:firebase-common:20.2.0] AndroidManifest.xml:30:13-36
238        <uses-library
238-->[com.google.android.gms:play-services-maps:18.0.2] AndroidManifest.xml:39:9-41:40
239            android:name="org.apache.http.legacy"
239-->[com.google.android.gms:play-services-maps:18.0.2] AndroidManifest.xml:40:13-50
240            android:required="false" />
240-->[com.google.android.gms:play-services-maps:18.0.2] AndroidManifest.xml:41:13-37
241
242        <activity
242-->[com.google.android.gms:play-services-base:18.0.1] AndroidManifest.xml:20:9-22:45
243            android:name="com.google.android.gms.common.api.GoogleApiActivity"
243-->[com.google.android.gms:play-services-base:18.0.1] AndroidManifest.xml:20:19-85
244            android:exported="false"
244-->[com.google.android.gms:play-services-base:18.0.1] AndroidManifest.xml:22:19-43
245            android:theme="@android:style/Theme.Translucent.NoTitleBar" />
245-->[com.google.android.gms:play-services-base:18.0.1] AndroidManifest.xml:21:19-78
246
247        <receiver
247-->[com.google.android.gms:play-services-measurement:21.2.0] AndroidManifest.xml:29:9-33:20
248            android:name="com.google.android.gms.measurement.AppMeasurementReceiver"
248-->[com.google.android.gms:play-services-measurement:21.2.0] AndroidManifest.xml:30:13-85
249            android:enabled="true"
249-->[com.google.android.gms:play-services-measurement:21.2.0] AndroidManifest.xml:31:13-35
250            android:exported="false" >
250-->[com.google.android.gms:play-services-measurement:21.2.0] AndroidManifest.xml:32:13-37
251        </receiver>
252
253        <service
253-->[com.google.android.gms:play-services-measurement:21.2.0] AndroidManifest.xml:35:9-38:40
254            android:name="com.google.android.gms.measurement.AppMeasurementService"
254-->[com.google.android.gms:play-services-measurement:21.2.0] AndroidManifest.xml:36:13-84
255            android:enabled="true"
255-->[com.google.android.gms:play-services-measurement:21.2.0] AndroidManifest.xml:37:13-35
256            android:exported="false" />
256-->[com.google.android.gms:play-services-measurement:21.2.0] AndroidManifest.xml:38:13-37
257        <service
257-->[com.google.android.gms:play-services-measurement:21.2.0] AndroidManifest.xml:39:9-43:72
258            android:name="com.google.android.gms.measurement.AppMeasurementJobService"
258-->[com.google.android.gms:play-services-measurement:21.2.0] AndroidManifest.xml:40:13-87
259            android:enabled="true"
259-->[com.google.android.gms:play-services-measurement:21.2.0] AndroidManifest.xml:41:13-35
260            android:exported="false"
260-->[com.google.android.gms:play-services-measurement:21.2.0] AndroidManifest.xml:42:13-37
261            android:permission="android.permission.BIND_JOB_SERVICE" /> <!-- Include the AdActivity and InAppPurchaseActivity configChanges and themes. -->
261-->[com.google.android.gms:play-services-measurement:21.2.0] AndroidManifest.xml:43:13-69
262        <activity
262-->[com.google.android.gms:play-services-ads-lite:20.6.0] AndroidManifest.xml:49:9-53:64
263            android:name="com.google.android.gms.ads.AdActivity"
263-->[com.google.android.gms:play-services-ads-lite:20.6.0] AndroidManifest.xml:50:13-65
264            android:configChanges="keyboard|keyboardHidden|orientation|screenLayout|uiMode|screenSize|smallestScreenSize"
264-->[com.google.android.gms:play-services-ads-lite:20.6.0] AndroidManifest.xml:51:13-122
265            android:exported="false"
265-->[com.google.android.gms:play-services-ads-lite:20.6.0] AndroidManifest.xml:52:13-37
266            android:theme="@android:style/Theme.Translucent" />
266-->[com.google.android.gms:play-services-ads-lite:20.6.0] AndroidManifest.xml:53:13-61
267
268        <provider
268-->[com.google.android.gms:play-services-ads-lite:20.6.0] AndroidManifest.xml:55:9-59:39
269            android:name="com.google.android.gms.ads.MobileAdsInitProvider"
269-->[com.google.android.gms:play-services-ads-lite:20.6.0] AndroidManifest.xml:56:13-76
270            android:authorities="com.huynh.listar_flutter_pro.mobileadsinitprovider"
270-->[com.google.android.gms:play-services-ads-lite:20.6.0] AndroidManifest.xml:57:13-73
271            android:exported="false"
271-->[com.google.android.gms:play-services-ads-lite:20.6.0] AndroidManifest.xml:58:13-37
272            android:initOrder="100" />
272-->[com.google.android.gms:play-services-ads-lite:20.6.0] AndroidManifest.xml:59:13-36
273
274        <service
274-->[com.google.android.gms:play-services-ads-lite:20.6.0] AndroidManifest.xml:61:9-64:40
275            android:name="com.google.android.gms.ads.AdService"
275-->[com.google.android.gms:play-services-ads-lite:20.6.0] AndroidManifest.xml:62:13-64
276            android:enabled="true"
276-->[com.google.android.gms:play-services-ads-lite:20.6.0] AndroidManifest.xml:63:13-35
277            android:exported="false" />
277-->[com.google.android.gms:play-services-ads-lite:20.6.0] AndroidManifest.xml:64:13-37
278
279        <meta-data
279-->[com.google.android.gms:play-services-basement:18.1.0] AndroidManifest.xml:21:9-23:69
280            android:name="com.google.android.gms.version"
280-->[com.google.android.gms:play-services-basement:18.1.0] AndroidManifest.xml:22:13-58
281            android:value="@integer/google_play_services_version" />
281-->[com.google.android.gms:play-services-basement:18.1.0] AndroidManifest.xml:23:13-66
282
283        <provider
283-->[androidx.emoji2:emoji2:1.0.0] AndroidManifest.xml:26:9-34:20
284            android:name="androidx.startup.InitializationProvider"
284-->[androidx.emoji2:emoji2:1.0.0] AndroidManifest.xml:27:13-67
285            android:authorities="com.huynh.listar_flutter_pro.androidx-startup"
285-->[androidx.emoji2:emoji2:1.0.0] AndroidManifest.xml:28:13-68
286            android:exported="false" >
286-->[androidx.emoji2:emoji2:1.0.0] AndroidManifest.xml:29:13-37
287            <meta-data
287-->[androidx.emoji2:emoji2:1.0.0] AndroidManifest.xml:31:13-33:52
288                android:name="androidx.emoji2.text.EmojiCompatInitializer"
288-->[androidx.emoji2:emoji2:1.0.0] AndroidManifest.xml:32:17-75
289                android:value="androidx.startup" />
289-->[androidx.emoji2:emoji2:1.0.0] AndroidManifest.xml:33:17-49
290            <meta-data
290-->[androidx.work:work-runtime:2.7.0] AndroidManifest.xml:36:13-38:52
291                android:name="androidx.work.WorkManagerInitializer"